WellIds: 0 1 2 3 4
Node 0 ( 0 0 0 0 0 )
Node 1 ( 0 0 0 0 1 )
  -> 0 (0.125)
Node 2 ( 0 0 0 1 1 )
  -> 0 (0.125)
Node 3 ( 0 0 1 1 1 )
  -> 0 (0.125)
Node 4 ( 1 1 0 0 0 )
  -> 0 (0.325)
Node 5 ( 1 1 1 0 0 )
  -> 0 (0.225)
Node 6 ( 1 1 1 1 0 )
  -> 0 (0.125)
Node 7 ( 1 1 1 1 1 )
  -> 3 (0.3)
  -> 4 (0.1)
  -> 2 (0.2)
  -> 5 (0.1)
  -> 1 (0.1)
  -> 6 (0.1)
  -> 0 (0)
Node 8 ( 1 1 1 1 2 )
  -> 2 (0.2)
  -> 1 (0)
  -> 7 (0.1)
Node 9 ( 1 1 1 2 1 )
  -> 6 (0.1)
  -> 2 (0.1)
  -> 7 (0.2)
Node 10 ( 1 1 1 2 2 )
  -> 2 (0)
  -> 7 (0.1)
Node 11 ( 1 1 2 2 2 )
  -> 3 (0)
  -> 7 (0.1)
Node 12 ( 2 2 1 1 1 )
  -> 4 (0)
  -> 7 (0.3)
Node 13 ( 2 2 2 1 1 )
  -> 6 (0.2)
  -> 5 (0)
  -> 7 (0.2)
Node 14 ( 2 2 2 1 2 )
  -> 7 (0.2)
Node 15 ( 2 2 2 2 1 )
  -> 6 (0)
  -> 7 (0.1)
Node 16 ( 2 2 2 2 2 )
  -> 14 (0.2)
  -> 9 (0.2)
  -> 12 (0.1)
  -> 11 (0.3)
  -> 10 (0.2)
  -> 13 (0.1)
  -> 15 (0.1)
  -> 8 (0.1)
  -> 7 (0)
Node 17 ( 2 2 2 2 3 )
  -> 10 (0.225)
  -> 14 (0.125)
  -> 8 (0.025)
  -> 16 (0.125)
Node 18 ( 2 2 2 3 3 )
  -> 16 (0.125)
  -> 10 (0.025)
Node 19 ( 2 2 3 3 3 )
  -> 11 (0.025)
  -> 16 (0.125)
Node 20 ( 3 3 2 2 2 )
  -> 12 (0.025)
  -> 16 (0.325)
Node 21 ( 3 3 3 2 2 )
  -> 15 (0.225)
  -> 14 (0.125)
  -> 16 (0.225)
  -> 13 (0.025)
Node 22 ( 3 3 3 3 2 )
  -> 16 (0.125)
  -> 15 (0.025)
Node 23 ( 3 3 3 3 3 )
  -> 20 (0.1)
  -> 19 (0.3)
  -> 21 (0.1)
  -> 18 (0.2)
  -> 22 (0.1)
  -> 17 (0.1)
  -> 16 (0)
Node 24 ( 3 3 3 3 4 )
  -> 18 (0.225)
  -> 17 (0.025)
  -> 23 (0.125)
Node 25 ( 3 3 3 4 3 )
  -> 23 (0.25)
Node 26 ( 3 3 3 4 4 )
  -> 18 (0.025)
  -> 23 (0.125)
Node 27 ( 3 3 4 4 4 )
  -> 19 (0.025)
  -> 23 (0.125)
Node 28 ( 4 4 3 3 3 )
  -> 20 (0.025)
  -> 23 (0.325)
Node 29 ( 4 4 4 3 3 )
  -> 22 (0.225)
  -> 21 (0.025)
  -> 23 (0.225)
Node 30 ( 4 4 4 4 3 )
  -> 22 (0.025)
  -> 23 (0.125)
Node 31 ( 4 4 4 4 4 )
  -> 25 (0.2)
  -> 27 (0.3)
  -> 28 (0.1)
  -> 29 (0.1)
  -> 26 (0.2)
  -> 30 (0.1)
  -> 24 (0.1)
  -> 23 (0)
