WellIds: 2 3 4 0 1
Node 0 ( 0 0 0 0 0 )
Node 1 ( 0 1 0 0 0 )
  -> 0 (0)
Node 2 ( 1 0 0 0 0 )
  -> 0 (0)
Node 3 ( 0 2 0 0 0 )
  -> 1 (0)
Node 4 ( 1 1 0 0 0 )
  -> 2 (0)
  -> 0 (0)
  -> 1 (0)
Node 5 ( 2 0 0 0 0 )
  -> 2 (0)
Node 6 ( 0 3 0 0 0 )
  -> 3 (0)
Node 7 ( 1 2 0 0 0 )
  -> 1 (0)
  -> 3 (0)
  -> 4 (0)
Node 8 ( 2 1 0 0 0 )
  -> 5 (0)
  -> 2 (0)
  -> 4 (0)
Node 9 ( 3 0 0 0 0 )
  -> 5 (0)
Node 10 ( 1 3 0 0 0 )
  -> 6 (0)
  -> 3 (0)
  -> 7 (0)
Node 11 ( 2 2 0 0 0 )
  -> 8 (0)
  -> 7 (0)
  -> 4 (0)
Node 12 ( 3 1 0 0 0 )
  -> 9 (0)
  -> 5 (0)
  -> 8 (0)
Node 13 ( 4 0 0 0 0 )
  -> 9 (0)
Node 14 ( 2 3 0 0 0 )
  -> 10 (0)
  -> 11 (0)
  -> 7 (0)
Node 15 ( 3 2 0 0 0 )
  -> 8 (0)
  -> 11 (0)
  -> 12 (0)
Node 16 ( 4 1 0 0 0 )
  -> 13 (0)
  -> 9 (0)
  -> 12 (0)
Node 17 ( 3 3 0 0 0 )
  -> 14 (0)
  -> 15 (0)
  -> 11 (0)
Node 18 ( 4 2 0 0 0 )
  -> 12 (0)
  -> 16 (0)
  -> 15 (0)
Node 19 ( 4 3 0 0 0 )
  -> 18 (0)
  -> 17 (0)
Node 20 ( 4 3 1 0 0 )
  -> 19 (0)
Node 21 ( 4 3 2 0 0 )
  -> 20 (0)
Node 22 ( 4 3 3 0 0 )
  -> 21 (0)
Node 23 ( 4 3 3 0 1 )
  -> 22 (0)
Node 24 ( 4 3 3 1 2 )
  -> 23 (0)
Node 25 ( 4 3 3 2 2 )
  -> 24 (0)
Node 26 ( 4 3 3 3 3 )
  -> 25 (0)
