WellIds: 0 1 2 3 4
Node 0 ( 0 0 0 0 0 )
Node 1 ( 0 0 0 0 1 )
  -> 0 (0.125)
Node 2 ( 0 1 1 1 0 )
  -> 0 (0.2)
Node 3 ( 0 1 1 1 1 )
  -> 1 (0.225)
  -> 2 (0.125)
  -> 0 (0.125)
Node 4 ( 0 1 1 1 2 )
  -> 3 (0.125)
  -> 1 (0.125)
Node 5 ( 1 1 1 1 0 )
  -> 0 (0.125)
Node 6 ( 1 1 1 1 1 )
  -> 1 (0.15)
  -> 5 (0.125)
  -> 0 (0.05)
Node 7 ( 1 1 1 1 2 )
  -> 1 (0.05)
Node 8 ( 1 2 2 2 0 )
  -> 5 (0.225)
  -> 2 (0.125)
Node 9 ( 1 2 2 2 1 )
  -> 8 (0.125)
  -> 6 (0.25)
  -> 3 (0.15)
  -> 5 (0.15)
  -> 2 (0.05)
Node 10 ( 1 2 2 2 2 )
  -> 4 (0.15)
  -> 9 (0.125)
  -> 6 (0.15)
  -> 3 (0.05)
Node 11 ( 1 2 2 2 3 )
  -> 7 (0.15)
  -> 10 (0.125)
  -> 4 (0.05)
Node 12 ( 2 2 2 2 0 )
  -> 5 (0.125)
Node 13 ( 2 2 2 2 1 )
  -> 12 (0.125)
  -> 6 (0.15)
  -> 5 (0.05)
Node 14 ( 2 2 2 2 2 )
  -> 13 (0.125)
  -> 6 (0.05)
Node 15 ( 2 3 3 3 1 )
  -> 13 (0.225)
  -> 9 (0.125)
  -> 12 (0.125)
  -> 8 (0.025)
Node 16 ( 2 3 3 3 2 )
  -> 15 (0.125)
  -> 14 (0.25)
  -> 10 (0.15)
  -> 13 (0.15)
  -> 9 (0.05)
Node 17 ( 2 3 3 3 3 )
  -> 11 (0.15)
  -> 16 (0.125)
  -> 14 (0.15)
  -> 10 (0.05)
Node 18 ( 3 3 3 3 1 )
  -> 13 (0.125)
  -> 12 (0.025)
Node 19 ( 3 3 3 3 2 )
  -> 18 (0.125)
  -> 14 (0.15)
  -> 13 (0.05)
Node 20 ( 3 3 3 3 3 )
  -> 19 (0.125)
  -> 14 (0.05)
Node 21 ( 3 4 4 4 2 )
  -> 19 (0.2)
  -> 16 (0.1)
  -> 18 (0.1)
  -> 15 (0)
Node 22 ( 3 4 4 4 3 )
  -> 21 (0.1)
  -> 20 (0.2)
  -> 19 (0.1)
  -> 17 (0.1)
  -> 16 (0)
